<?xml version="1.0" encoding="UTF-8"?>
<!-- Generated by org.testng.reporters.JUnitReportReporter -->
<testsuite hostname="Reinaldos-MacBook-Pro.local" name="cucumberoptions.TestRunner" tests="2" failures="0" timestamp="1 Mar 2019 05:38:46 GMT" time="129.334" errors="0">
  <testcase name="feature" time="50.306" classname="cucumberoptions.TestRunner"/>
  <testcase name="feature" time="79.028" classname="cucumberoptions.TestRunner"/>
</testsuite> <!-- cucumberoptions.TestRunner -->
